#
# A fatal error has been detected by the Java Runtime Environment:
#
#  EXCEPTION_ACCESS_VIOLATION (0xc0000005) at pc=0x000000007667e9eb, pid=3056, tid=0x0000000000001bb8
#
# JRE version: OpenJDK Runtime Environment (8.0_112-b06) (build 1.8.0_112-release-b06)
# Java VM: OpenJDK 64-Bit Server VM (25.112-b06 mixed mode windows-amd64 compressed oops)
# Problematic frame:
# V  [jvm.dll+0xee9eb]
#
# Failed to write core dump. Minidumps are not enabled by default on client versions of Windows
#
# If you would like to submit a bug report, please visit:
#   http://bugreport.java.com/bugreport/crash.jsp
#

---------------  T H R E A D  ---------------

Current thread (0x0000000002a96800):  GCTaskThread [stack: 0x00000000122b0000,0x00000000123b0000] [id=7096]

siginfo: ExceptionCode=0xc0000005, reading address 0x000000061f52b048

Registers:
RAX=0x00000000126b0000, RBX=0x00000000c3ea55c0, RCX=0x0000000000000003, RDX=0x0000000000000001
RSP=0x00000000123af420, RBP=0x00000000c7fd50d8, RSI=0x0000000002b6a550, RDI=0x0000000002b6a550
R8 =0x000000061f52b040, R9 =0x000000010008d230, R10=0x000000000000000c, R11=0x0000000076b54c58
R12=0x00000000c7fd50e0, R13=0x000000010008d470, R14=0x000000010008d478, R15=0x00000000c7fd50c0
RIP=0x000000007667e9eb, EFLAGS=0x0000000000010202

Top of Stack: (sp=0x00000000123af420)
0x00000000123af420:   000000010008d230 00000000c7fd4f0c
0x00000000123af430:   0000000002b6a550 0000000076784c82
0x00000000123af440:   0000000000000000 00000000000003d8
0x00000000123af450:   0000000002a96e98 0000000002a91750
0x00000000123af460:   0000000000000098 0000000076951fc0
0x00000000123af470:   0000000002b6a550 00000000151264b0
0x00000000123af480:   0000000002b6a550 0000000002a96ac0
0x00000000123af490:   0000000000000000 0000000000000c00
0x00000000123af4a0:   0000000000000000 0000000000000000
0x00000000123af4b0:   0000000000000000 0000000017634000
0x00000000123af4c0:   0000000000000001 0000000011f84a01
0x00000000123af4d0:   0000d2f045bc9e02 0000000002a96e98
0x00000000123af4e0:   0000000002a96ac0 00000000000003d8
0x00000000123af4f0:   0000000002a96ac0 0000000002a91750
0x00000000123af500:   0000000002a96ab0 00000000151264b0
0x00000000123af510:   0000000002b6a550 000000007694f003 

Instructions: (pc=0x000000007667e9eb)
0x000000007667e9cb:   6c 00 84 d2 74 16 44 8b 43 08 8b 0d 7d 9c 66 00
0x000000007667e9db:   49 d3 e0 4c 03 05 6b 9c 66 00 eb 04 4c 8b 43 08
0x000000007667e9eb:   45 8b 48 08 45 85 c9 7e 0c 41 f6 c1 01 75 4b 41
0x000000007667e9fb:   c1 f9 03 eb 57 79 43 84 d2 41 8b c9 b8 10 00 00 


Register to memory mapping:

RAX=0x00000000126b0000 is an unknown value
RBX=0x00000000c3ea55c0 is pointing into object: 0x00000000c3ea55b8
com.android.dx.rop.cst.CstString 
 - klass: 'com/android/dx/rop/cst/CstString'
RCX=0x0000000000000003 is an unknown value
RDX=0x0000000000000001 is an unknown value
RSP=0x00000000123af420 is an unknown value
RBP=0x00000000c7fd50d8 is pointing into object: 0x00000000c7fd50c0
com.android.dx.dex.code.LocalSnapshot 
 - klass: 'com/android/dx/dex/code/LocalSnapshot'
RSI=0x0000000002b6a550 is an unknown value
RDI=0x0000000002b6a550 is an unknown value
R8 =0x000000061f52b040 is an unknown value
R9 =0x000000010008d230 is pointing into metadata
R10=0x000000000000000c is an unknown value
R11=0x0000000076b54c58 is an unknown value
R12=0x00000000c7fd50e0 is an oop
com.android.dx.rop.code.RegisterSpecSet 
 - klass: 'com/android/dx/rop/code/RegisterSpecSet'
R13=0x000000010008d470 is pointing into metadata
R14=0x000000010008d478 is pointing into metadata
R15=0x00000000c7fd50c0 is an oop
com.android.dx.dex.code.LocalSnapshot 
 - klass: 'com/android/dx/dex/code/LocalSnapshot'


Stack: [0x00000000122b0000,0x00000000123b0000],  sp=0x00000000123af420,  free space=1021k
Native frames: (J=compiled Java code, j=interpreted, Vv=VM code, C=native code)
V  [jvm.dll+0xee9eb]
V  [jvm.dll+0x3c1fc0]
V  [jvm.dll+0x3bf003]
V  [jvm.dll+0x3bce6e]
V  [jvm.dll+0x26c13a]
C  [msvcr100.dll+0x21d9f]
C  [msvcr100.dll+0x21e3b]
C  [KERNEL32.DLL+0x15dd]
C  [ntdll.dll+0x743d1]


---------------  P R O C E S S  ---------------

Java Threads: ( => current thread )
  0x0000000017634000 JavaThread "pool-2-thread-4" [_thread_blocked, id=5304, stack(0x0000000018ce0000,0x0000000018de0000)]
  0x0000000017633000 JavaThread "pool-2-thread-3" [_thread_blocked, id=3132, stack(0x0000000018be0000,0x0000000018ce0000)]
  0x000000001795e000 JavaThread "pool-2-thread-2" [_thread_blocked, id=6880, stack(0x0000000018ae0000,0x0000000018be0000)]
  0x000000001795d000 JavaThread "pool-3-thread-1" [_thread_blocked, id=5212, stack(0x00000000189e0000,0x0000000018ae0000)]
  0x0000000016a0e800 JavaThread "pool-2-thread-1" [_thread_blocked, id=4968, stack(0x00000000188e0000,0x00000000189e0000)]
  0x0000000016690000 JavaThread "Service Thread" daemon [_thread_blocked, id=1080, stack(0x0000000016f10000,0x0000000017010000)]
  0x000000001661b000 JavaThread "C1 CompilerThread2" daemon [_thread_blocked, id=2288, stack(0x0000000016e10000,0x0000000016f10000)]
  0x00000000152aa000 JavaThread "C2 CompilerThread1" daemon [_thread_blocked, id=2728, stack(0x0000000016d10000,0x0000000016e10000)]
  0x0000000015261800 JavaThread "C2 CompilerThread0" daemon [_thread_blocked, id=5008, stack(0x0000000016c10000,0x0000000016d10000)]
  0x00000000152a8800 JavaThread "Attach Listener" daemon [_thread_blocked, id=6664, stack(0x0000000016b10000,0x0000000016c10000)]
  0x0000000016618800 JavaThread "Signal Dispatcher" daemon [_thread_blocked, id=5296, stack(0x0000000016a10000,0x0000000016b10000)]
  0x0000000002b7b800 JavaThread "Finalizer" daemon [_thread_blocked, id=6740, stack(0x00000000164c0000,0x00000000165c0000)]
  0x0000000015217800 JavaThread "Reference Handler" daemon [_thread_blocked, id=3932, stack(0x00000000163c0000,0x00000000164c0000)]
  0x0000000002a80800 JavaThread "main" [_thread_blocked, id=3504, stack(0x0000000002980000,0x0000000002a80000)]

Other Threads:
  0x0000000015216000 VMThread [stack: 0x00000000162c0000,0x00000000163c0000] [id=6400]
  0x0000000016690800 WatcherThread [stack: 0x0000000017010000,0x0000000017110000] [id=6420]

=>0x0000000002a96800 (exited) GCTaskThread [stack: 0x00000000122b0000,0x00000000123b0000] [id=7096]

VM state:at safepoint (normal execution)

VM Mutex/Monitor currently owned by a thread:  ([mutex/lock_event])
[0x000000000265c580] Threads_lock - owner thread: 0x0000000015216000
[0x000000000265c280] Heap_lock - owner thread: 0x0000000002a80800

Heap:
 PSYoungGen      total 232960K, used 57232K [0x00000000eab00000, 0x0000000100000000, 0x0000000100000000)
  eden space 116736K, 0% used [0x00000000eab00000,0x00000000eab00000,0x00000000f1d00000)
  from space 116224K, 49% used [0x00000000f1d00000,0x00000000f54e4150,0x00000000f8e80000)
  to   space 116224K, 0% used [0x00000000f8e80000,0x00000000f8e80000,0x0000000100000000)
 ParOldGen       total 211456K, used 204704K [0x00000000c0000000, 0x00000000cce80000, 0x00000000eab00000)
  object space 211456K, 96% used [0x00000000c0000000,0x00000000cc7e8160,0x00000000cce80000)
 Metaspace       used 6446K, capacity 7280K, committed 7552K, reserved 1056768K
  class space    used 588K, capacity 616K, committed 640K, reserved 1048576K

Card table byte_map: [0x0000000011f40000,0x0000000012150000] byte_map_base: 0x0000000011940000

Marking Bits: (ParMarkBitMap*) 0x0000000076d518f0
 Begin Bits: [0x00000000126b0000, 0x00000000136b0000)
 End Bits:   [0x00000000136b0000, 0x00000000146b0000)

Polling page: 0x00000000025f0000

CodeCache: size=245760Kb used=11987Kb max_used=12005Kb free=233772Kb
 bounds [0x0000000002b80000, 0x0000000003750000, 0x0000000011b80000]
 total_blobs=2701 nmethods=2436 adapters=178
 compilation: enabled

Compilation events (10 events):
Event: 14.180 Thread 0x00000000152aa000 nmethod 2511 0x0000000003732f90 code [0x00000000037330c0, 0x0000000003733158]
Event: 14.180 Thread 0x00000000152aa000 2344       4       com.android.dx.cf.code.ExecutionStack::<init> (34 bytes)
Event: 14.182 Thread 0x00000000152aa000 nmethod 2344 0x000000000373a350 code [0x000000000373a4a0, 0x000000000373a6b8]
Event: 14.182 Thread 0x00000000152aa000 2512       4       com.android.dx.ssa.SsaMethod::onSourceChanged (65 bytes)
Event: 14.199 Thread 0x00000000152aa000 nmethod 2512 0x000000000373b210 code [0x000000000373b380, 0x000000000373baf8]
Event: 14.199 Thread 0x00000000152aa000 2515   !   4       com.android.dx.cf.code.BytecodeArray::parseInstruction (2764 bytes)
Event: 14.240 Thread 0x000000001661b000 2518       2       com.android.dx.ssa.MoveParamCombiner$1$1::map (21 bytes)
Event: 14.240 Thread 0x000000001661b000 nmethod 2518 0x0000000003709c90 code [0x0000000003709de0, 0x0000000003709f50]
Event: 14.242 Thread 0x0000000015261800 nmethod 2365 0x00000000037414d0 code [0x0000000003741720, 0x00000000037434a8]
Event: 14.242 Thread 0x0000000015261800 2514   !   4       com.android.dx.rop.type.Prototype::intern (233 bytes)

GC Heap History (10 events):
Event: 10.126 GC heap after
Heap after GC invocations=10 (full 1):
 PSYoungGen      total 241664K, used 44720K [0x00000000eab00000, 0x0000000100000000, 0x0000000100000000)
  eden space 196608K, 0% used [0x00000000eab00000,0x00000000eab00000,0x00000000f6b00000)
  from space 45056K, 99% used [0x00000000f6b00000,0x00000000f96ac350,0x00000000f9700000)
  to   space 77312K, 0% used [0x00000000fb480000,0x00000000fb480000,0x0000000100000000)
 ParOldGen       total 211456K, used 117294K [0x00000000c0000000, 0x00000000cce80000, 0x00000000eab00000)
  object space 211456K, 55% used [0x00000000c0000000,0x00000000c728bba8,0x00000000cce80000)
 Metaspace       used 6425K, capacity 7280K, committed 7552K, reserved 1056768K
  class space    used 586K, capacity 616K, committed 640K, reserved 1048576K
}
Event: 12.228 GC heap before
{Heap before GC invocations=11 (full 1):
 PSYoungGen      total 241664K, used 241328K [0x00000000eab00000, 0x0000000100000000, 0x0000000100000000)
  eden space 196608K, 100% used [0x00000000eab00000,0x00000000f6b00000,0x00000000f6b00000)
  from space 45056K, 99% used [0x00000000f6b00000,0x00000000f96ac350,0x00000000f9700000)
  to   space 77312K, 0% used [0x00000000fb480000,0x00000000fb480000,0x0000000100000000)
 ParOldGen       total 211456K, used 117294K [0x00000000c0000000, 0x00000000cce80000, 0x00000000eab00000)
  object space 211456K, 55% used [0x00000000c0000000,0x00000000c728bba8,0x00000000cce80000)
 Metaspace       used 6433K, capacity 7280K, committed 7552K, reserved 1056768K
  class space    used 586K, capacity 616K, committed 640K, reserved 1048576K
Event: 12.332 GC heap after
Heap after GC invocations=11 (full 1):
 PSYoungGen      total 248320K, used 73906K [0x00000000eab00000, 0x0000000100000000, 0x0000000100000000)
  eden space 171008K, 0% used [0x00000000eab00000,0x00000000eab00000,0x00000000f5200000)
  from space 77312K, 95% used [0x00000000fb480000,0x00000000ffcac990,0x0000000100000000)
  to   space 89088K, 0% used [0x00000000f5200000,0x00000000f5200000,0x00000000fa900000)
 ParOldGen       total 211456K, used 117294K [0x00000000c0000000, 0x00000000cce80000, 0x00000000eab00000)
  object space 211456K, 55% used [0x00000000c0000000,0x00000000c728bba8,0x00000000cce80000)
 Metaspace       used 6433K, capacity 7280K, committed 7552K, reserved 1056768K
  class space    used 586K, capacity 616K, committed 640K, reserved 1048576K
}
Event: 12.951 GC heap before
{Heap before GC invocations=12 (full 1):
 PSYoungGen      total 248320K, used 244914K [0x00000000eab00000, 0x0000000100000000, 0x0000000100000000)
  eden space 171008K, 100% used [0x00000000eab00000,0x00000000f5200000,0x00000000f5200000)
  from space 77312K, 95% used [0x00000000fb480000,0x00000000ffcac990,0x0000000100000000)
  to   space 89088K, 0% used [0x00000000f5200000,0x00000000f5200000,0x00000000fa900000)
 ParOldGen       total 211456K, used 117294K [0x00000000c0000000, 0x00000000cce80000, 0x00000000eab00000)
  object space 211456K, 55% used [0x00000000c0000000,0x00000000c728bba8,0x00000000cce80000)
 Metaspace       used 6439K, capacity 7280K, committed 7552K, reserved 1056768K
  class space    used 588K, capacity 616K, committed 640K, reserved 1048576K
Event: 13.120 GC heap after
Heap after GC invocations=12 (full 1):
 PSYoungGen      total 260096K, used 89074K [0x00000000eab00000, 0x0000000100000000, 0x0000000100000000)
  eden space 171008K, 0% used [0x00000000eab00000,0x00000000eab00000,0x00000000f5200000)
  from space 89088K, 99% used [0x00000000f5200000,0x00000000fa8fcb08,0x00000000fa900000)
  to   space 89088K, 0% used [0x00000000fa900000,0x00000000fa900000,0x0000000100000000)
 ParOldGen       total 211456K, used 126635K [0x00000000c0000000, 0x00000000cce80000, 0x00000000eab00000)
  object space 211456K, 59% used [0x00000000c0000000,0x00000000c7baac58,0x00000000cce80000)
 Metaspace       used 6439K, capacity 7280K, committed 7552K, reserved 1056768K
  class space    used 588K, capacity 616K, committed 640K, reserved 1048576K
}
Event: 13.687 GC heap before
{Heap before GC invocations=13 (full 1):
 PSYoungGen      total 260096K, used 260082K [0x00000000eab00000, 0x0000000100000000, 0x0000000100000000)
  eden space 171008K, 100% used [0x00000000eab00000,0x00000000f5200000,0x00000000f5200000)
  from space 89088K, 99% used [0x00000000f5200000,0x00000000fa8fcb08,0x00000000fa900000)
  to   space 89088K, 0% used [0x00000000fa900000,0x00000000fa900000,0x0000000100000000)
 ParOldGen       total 211456K, used 126635K [0x00000000c0000000, 0x00000000cce80000, 0x00000000eab00000)
  object space 211456K, 59% used [0x00000000c0000000,0x00000000c7baac58,0x00000000cce80000)
 Metaspace       used 6443K, capacity 7280K, committed 7552K, reserved 1056768K
  class space    used 588K, capacity 616K, committed 640K, reserved 1048576K
Event: 13.879 GC heap after
Heap after GC invocations=13 (full 1):
 PSYoungGen      total 205824K, used 89061K [0x00000000eab00000, 0x0000000100000000, 0x0000000100000000)
  eden space 116736K, 0% used [0x00000000eab00000,0x00000000eab00000,0x00000000f1d00000)
  from space 89088K, 99% used [0x00000000fa900000,0x00000000ffff96a8,0x0000000100000000)
  to   space 116224K, 0% used [0x00000000f1d00000,0x00000000f1d00000,0x00000000f8e80000)
 ParOldGen       total 211456K, used 153238K [0x00000000c0000000, 0x00000000cce80000, 0x00000000eab00000)
  object space 211456K, 72% used [0x00000000c0000000,0x00000000c95a5a08,0x00000000cce80000)
 Metaspace       used 6443K, capacity 7280K, committed 7552K, reserved 1056768K
  class space    used 588K, capacity 616K, committed 640K, reserved 1048576K
}
Event: 14.301 GC heap before
{Heap before GC invocations=14 (full 1):
 PSYoungGen      total 205824K, used 205797K [0x00000000eab00000, 0x0000000100000000, 0x0000000100000000)
  eden space 116736K, 100% used [0x00000000eab00000,0x00000000f1d00000,0x00000000f1d00000)
  from space 89088K, 99% used [0x00000000fa900000,0x00000000ffff96a8,0x0000000100000000)
  to   space 116224K, 0% used [0x00000000f1d00000,0x00000000f1d00000,0x00000000f8e80000)
 ParOldGen       total 211456K, used 153238K [0x00000000c0000000, 0x00000000cce80000, 0x00000000eab00000)
  object space 211456K, 72% used [0x00000000c0000000,0x00000000c95a5a08,0x00000000cce80000)
 Metaspace       used 6446K, capacity 7280K, committed 7552K, reserved 1056768K
  class space    used 588K, capacity 616K, committed 640K, reserved 1048576K
Event: 14.481 GC heap after
Heap after GC invocations=14 (full 1):
 PSYoungGen      total 232960K, used 57232K [0x00000000eab00000, 0x0000000100000000, 0x0000000100000000)
  eden space 116736K, 0% used [0x00000000eab00000,0x00000000eab00000,0x00000000f1d00000)
  from space 116224K, 49% used [0x00000000f1d00000,0x00000000f54e4150,0x00000000f8e80000)
  to   space 116224K, 0% used [0x00000000f8e80000,0x00000000f8e80000,0x0000000100000000)
 ParOldGen       total 211456K, used 204704K [0x00000000c0000000, 0x00000000cce80000, 0x00000000eab00000)
  object space 211456K, 96% used [0x00000000c0000000,0x00000000cc7e8160,0x00000000cce80000)
 Metaspace       used 6446K, capacity 7280K, committed 7552K, reserved 1056768K
  class space    used 588K, capacity 616K, committed 640K, reserved 1048576K
}
Event: 14.482 GC heap before
{Heap before GC invocations=15 (full 2):
 PSYoungGen      total 232960K, used 57232K [0x00000000eab00000, 0x0000000100000000, 0x0000000100000000)
  eden space 116736K, 0% used [0x00000000eab00000,0x00000000eab00000,0x00000000f1d00000)
  from space 116224K, 49% used [0x00000000f1d00000,0x00000000f54e4150,0x00000000f8e80000)
  to   space 116224K, 0% used [0x00000000f8e80000,0x00000000f8e80000,0x0000000100000000)
 ParOldGen       total 211456K, used 204704K [0x00000000c0000000, 0x00000000cce80000, 0x00000000eab00000)
  object space 211456K, 96% used [0x00000000c0000000,0x00000000cc7e8160,0x00000000cce80000)
 Metaspace       used 6446K, capacity 7280K, committed 7552K, reserved 1056768K
  class space    used 588K, capacity 616K, committed 640K, reserved 1048576K

Deoptimization events (10 events):
Event: 12.435 Thread 0x0000000017633000 Uncommon trap: reason=class_check action=maybe_recompile pc=0x000000000356cd60 method=com.android.dx.ssa.SCCP.replaceConstants()V @ 182
Event: 12.686 Thread 0x0000000016a0e800 Uncommon trap: reason=class_check action=maybe_recompile pc=0x00000000036918f4 method=com.android.dx.ssa.SCCP.simulateBranch(Lcom/android/dx/ssa/SsaInsn;)V @ 145
Event: 12.887 Thread 0x0000000017634000 Uncommon trap: reason=unstable_if action=reinterpret pc=0x0000000003443c4c method=com.android.dx.cf.code.RopperMachine.run(Lcom/android/dx/cf/code/Frame;II)V @ 1148
Event: 13.319 Thread 0x0000000017634000 Uncommon trap: reason=bimorphic action=maybe_recompile pc=0x000000000351461c method=com.android.dx.cf.code.BytecodeArray.parseInstruction(ILcom/android/dx/cf/code/BytecodeArray$Visitor;)I @ 1387
Event: 13.319 Thread 0x0000000017634000 Uncommon trap: reason=bimorphic action=maybe_recompile pc=0x000000000351461c method=com.android.dx.cf.code.BytecodeArray.parseInstruction(ILcom/android/dx/cf/code/BytecodeArray$Visitor;)I @ 1387
Event: 13.328 Thread 0x0000000017633000 Uncommon trap: reason=unstable_if action=reinterpret pc=0x0000000003642290 method=com.android.dx.ssa.SsaMethod.makeExitBlock()V @ 103
Event: 14.001 Thread 0x0000000017634000 Uncommon trap: reason=unstable_if action=reinterpret pc=0x000000000362e1ec method=com.android.dx.rop.code.LocalItem.compareHandlesNulls(Lcom/android/dx/rop/cst/CstString;Lcom/android/dx/rop/cst/CstString;)I @ 8
Event: 14.001 Thread 0x0000000017634000 Uncommon trap: reason=unstable_if action=reinterpret pc=0x00000000035def40 method=com.android.dx.rop.code.LocalItem.compareHandlesNulls(Lcom/android/dx/rop/cst/CstString;Lcom/android/dx/rop/cst/CstString;)I @ 8
Event: 14.189 Thread 0x0000000002a80800 Uncommon trap: reason=bimorphic action=maybe_recompile pc=0x0000000003713ec4 method=com.android.dx.cf.code.BytecodeArray.parseInstruction(ILcom/android/dx/cf/code/BytecodeArray$Visitor;)I @ 1702
Event: 14.190 Thread 0x0000000002a80800 Uncommon trap: reason=bimorphic action=maybe_recompile pc=0x0000000003713ec4 method=com.android.dx.cf.code.BytecodeArray.parseInstruction(ILcom/android/dx/cf/code/BytecodeArray$Visitor;)I @ 1702

Internal exceptions (10 events):
Event: 0.033 Thread 0x0000000002a80800 Exception <a 'java/lang/NoSuchMethodError': Method sun.misc.Unsafe.defineClass(Ljava/lang/String;[BII)Ljava/lang/Class; name or signature does not match> (0x00000000eab07c78) thrown at [C:\src\android\AOSP-openjdk\external\jetbrains\jdk\hotspot\src\share\vwÑTWå	¡?
Event: 0.033 Thread 0x0000000002a80800 Exception <a 'java/lang/NoSuchMethodError': Method sun.misc.Unsafe.prefetchRead(Ljava/lang/Object;J)V name or signature does not match> (0x00000000eab07f60) thrown at [C:\src\android\AOSP-openjdk\external\jetbrains\jdk\hotspot\src\share\vm\prims\jni.cpp, lsIÉÊŠœí?
Event: 0.925 Thread 0x0000000016a0e800 Implicit null exception at 0x0000000002f1e9d1 to 0x0000000002f211dd
Event: 1.056 Thread 0x0000000016a0e800 Implicit null exception at 0x0000000002f939e2 to 0x0000000002f93ad2
Event: 1.487 Thread 0x0000000017633000 Exception <a 'java/lang/ArrayIndexOutOfBoundsException': 18> (0x00000000eef4e830) thrown at [C:\src\android\AOSP-openjdk\external\jetbrains\jdk\hotspot\src\share\vm\interpreter\interpreterRuntime.cpp, line 366]
Event: 1.487 Thread 0x0000000017633000 Exception <a 'java/lang/ArrayIndexOutOfBoundsException': 145> (0x00000000eef503b0) thrown at [C:\src\android\AOSP-openjdk\external\jetbrains\jdk\hotspot\src\share\vm\interpreter\interpreterRuntime.cpp, line 366]
Event: 1.488 Thread 0x0000000017633000 Exception <a 'java/lang/ArrayIndexOutOfBoundsException'> (0x00000000eef51698) thrown at [C:\src\android\AOSP-openjdk\external\jetbrains\jdk\hotspot\src\share\vm\runtime\sharedRuntime.cpp, line 605]
Event: 9.203 Thread 0x0000000016a0e800 Implicit null exception at 0x00000000034c2cbd to 0x00000000034c3d3d
Event: 14.001 Thread 0x0000000017634000 Implicit null exception at 0x000000000362e06c to 0x000000000362e1d9
Event: 14.001 Thread 0x0000000017634000 Implicit null exception at 0x00000000035dedd8 to 0x00000000035def2d

Events (10 events):
Event: 14.001 Thread 0x0000000017634000 Uncommon trap: trap_request=0xffffff65 fr.pc=0x00000000035def40
Event: 14.001 Thread 0x0000000017634000 DEOPT PACKING pc=0x00000000035def40 sp=0x0000000018ddeb50
Event: 14.001 Thread 0x0000000017634000 DEOPT UNPACKING pc=0x0000000002bc556a sp=0x0000000018ddeaa0 mode 2
Event: 14.189 Thread 0x0000000002a80800 Uncommon trap: trap_request=0xffffffc6 fr.pc=0x0000000003713ec4
Event: 14.189 Thread 0x0000000002a80800 DEOPT PACKING pc=0x0000000003713ec4 sp=0x0000000002a7dfb0
Event: 14.189 Thread 0x0000000002a80800 DEOPT UNPACKING pc=0x0000000002bc556a sp=0x0000000002a7df28 mode 2
Event: 14.190 Thread 0x0000000002a80800 Uncommon trap: trap_request=0xffffffc6 fr.pc=0x0000000003713ec4
Event: 14.190 Thread 0x0000000002a80800 DEOPT PACKING pc=0x0000000003713ec4 sp=0x0000000002a7dfa0
Event: 14.190 Thread 0x0000000002a80800 DEOPT UNPACKING pc=0x0000000002bc556a sp=0x0000000002a7df18 mode 2
Event: 14.301 Executing VM operation: ParallelGCFailedAllocation


Dynamic libraries:
0x00007ff6d2d40000 - 0x00007ff6d2d71000 	D:\android_studio\jre\bin\java.exe
0x00007ffec4540000 - 0x00007ffec46e9000 	C:\Windows\SYSTEM32\ntdll.dll
0x00007ffec2680000 - 0x00007ffec27b9000 	C:\Windows\system32\KERNEL32.DLL
0x00007ffec19d0000 - 0x00007ffec1ade000 	C:\Windows\system32\KERNELBASE.dll
0x00007ffec1ae0000 - 0x00007ffec1b85000 	C:\Windows\system32\ADVAPI32.dll
0x00007ffec1cd0000 - 0x00007ffec1e41000 	C:\Windows\system32\USER32.dll
0x00007ffebf060000 - 0x00007ffebf2ba000 	C:\Windows\WinSxS\amd64_microsoft.windows.common-controls_6595b64144ccf1df_6.0.9600.16384_none_62475f7becb72503\COMCTL32.dll
0x00007ffec28c0000 - 0x00007ffec2967000 	C:\Windows\system32\msvcrt.dll
0x00007ffec44e0000 - 0x00007ffec4537000 	C:\Windows\SYSTEM32\sechost.dll
0x00007ffec1f20000 - 0x00007ffec2056000 	C:\Windows\system32\RPCRT4.dll
0x00007ffec2250000 - 0x00007ffec2395000 	C:\Windows\system32\GDI32.dll
0x00007ffec2590000 - 0x00007ffec25c4000 	C:\Windows\system32\IMM32.DLL
0x00007ffec1b90000 - 0x00007ffec1cc8000 	C:\Windows\system32\MSCTF.dll
0x00007ffec14b0000 - 0x00007ffec14e0000 	C:\Windows\system32\nvinitx.dll
0x00007ffec14a0000 - 0x00007ffec14aa000 	C:\Windows\SYSTEM32\VERSION.dll
0x0000000051f10000 - 0x0000000051f16000 	C:\Program Files\NVIDIA Corporation\CoProcManager\_etoured.dll
0x00007ffebf460000 - 0x00007ffebf498000 	C:\Program Files\NVIDIA Corporation\CoProcManager\nvd3d9wrapx.dll
0x00007ffec23a0000 - 0x00007ffec2576000 	C:\Windows\system32\SETUPAPI.dll
0x00007ffec1980000 - 0x00007ffec19ca000 	C:\Windows\system32\CFGMGR32.dll
0x00007ffebf3f0000 - 0x00007ffebf414000 	C:\Program Files\NVIDIA Corporation\CoProcManager\nvdxgiwrapx.dll
0x00000000764a0000 - 0x0000000076572000 	D:\android_studio\jre\jre\bin\msvcr100.dll
0x0000000076590000 - 0x0000000076dcc000 	D:\android_studio\jre\jre\bin\server\jvm.dll
0x00007ffeb9ea0000 - 0x00007ffeb9ea9000 	C:\Windows\SYSTEM32\WSOCK32.dll
0x00007ffec18b0000 - 0x00007ffec18cf000 	C:\Windows\system32\WINMM.dll
0x00007ffec2580000 - 0x00007ffec2587000 	C:\Windows\system32\PSAPI.DLL
0x00007ffec4480000 - 0x00007ffec44d8000 	C:\Windows\system32\WS2_32.dll
0x00007ffec15d0000 - 0x00007ffec15fa000 	C:\Windows\system32\WINMMBASE.dll
0x00007ffec1e50000 - 0x00007ffec1e59000 	C:\Windows\system32\NSI.dll
0x00007ffec15a0000 - 0x00007ffec15c6000 	C:\Windows\system32\DEVOBJ.dll
0x00007ffeb2460000 - 0x00007ffeb246f000 	D:\android_studio\jre\jre\bin\verify.dll
0x00007ffea97a0000 - 0x00007ffea97c9000 	D:\android_studio\jre\jre\bin\java.dll
0x00007ffeb2440000 - 0x00007ffeb2456000 	D:\android_studio\jre\jre\bin\zip.dll
0x00007ffec2e90000 - 0x00007ffec429f000 	C:\Windows\system32\SHELL32.dll
0x00007ffec42a0000 - 0x00007ffec4477000 	C:\Windows\SYSTEM32\combase.dll
0x00007ffec1e60000 - 0x00007ffec1eb1000 	C:\Windows\system32\SHLWAPI.dll
0x00007ffebf770000 - 0x00007ffebf811000 	C:\Windows\SYSTEM32\SHCORE.dll
0x00007ffec14f0000 - 0x00007ffec1504000 	C:\Windows\SYSTEM32\profapi.dll
0x00007ffeb2690000 - 0x00007ffeb2818000 	C:\Windows\SYSTEM32\dbghelp.dll

VM Arguments:
jvm_args: -Djava.awt.headless=true -Xmx1024M -Dfile.encoding=GBK -Duser.country=CN -Duser.language=zh -Duser.variant 
java_command: com.android.dx.command.Main --dex --num-threads=4 --multi-dex --main-dex-list E:\lilunji-master4_cw_face\app\build\intermediates\multi-dex\debug\maindexlist.txt --output E:\lilunji-master4_cw_face\app\build\intermediates\transforms\dex\debug\folders\1000\1f\main E:\lilunji-master4_cw_face\app\build\intermediates\transforms\jarMerging\debug\jars\1\1f\combined.jar
java_class_path (initial): E:\Android_sdk_2016\build-tools\25.0.0\lib\dx.jar
Launcher Type: SUN_STANDARD

Environment Variables:
PATH=D:\maven\apache-maven-3.5.3\bin;C:\ProgramData\Oracle\Java\javapath;C:\Windows\system32;C:\Windows;C:\Windows\System32\Wbem;C:\Windows\System32\WindowsPowerShell\v1.0\;D:\Èí¼þ\UE;C;\Program Files\TortoiseSVN\bin;D:\github\Git\cmd;C:\Program Files\Java\jdk1.8.0_25\bin;E:\Android_sdk_2016\platform-tools;
USERNAME=Administrator
OS=Windows_NT
PROCESSOR_IDENTIFIER=Intel64 Family 6 Model 42 Stepping 7, GenuineIntel



---------------  S Y S T E M  ---------------

OS: Windows 8.1 , 64 bit Build 9600 (6.3.9600.16656)

CPU:total 4 (2 cores per cpu, 2 threads per core) family 6 model 42 stepping 7, cmov, cx8, fxsr, mmx, sse, sse2, sse3, ssse3, sse4.1, sse4.2, popcnt, avx, aes, clmul, ht, tsc, tscinvbit

Memory: 4k page, physical 10322220k(5740692k free), swap 10977580k(6399352k free)

vm_info: OpenJDK 64-Bit Server VM (25.112-b06) for windows-amd64 JRE (1.8.0_112-release-b06), built on Dec  8 2016 00:54:26 by "builder" with MS VC++ 10.0 (VS2010)

time: Tue Mar 05 09:18:01 2019
elapsed time: 14 seconds (0d 0h 0m 14s)

